2023-10-07 23:41:43.622 [info] Added views:workbench.panel.markers.view in workbench.panel.markers
2023-10-07 23:41:43.622 [info] Added views:workbench.panel.output in workbench.panel.output
2023-10-07 23:41:43.622 [info] Added views:terminal in terminal
2023-10-07 23:41:43.622 [info] Added views:outline in workbench.view.explorer
2023-10-07 23:41:43.622 [info] Added views:workbench.scm in workbench.view.scm
2023-10-07 23:41:43.622 [info] Added views:workbench.view.search in workbench.view.search
2023-10-07 23:41:43.622 [info] Added views:timeline in workbench.view.explorer
2023-10-07 23:41:43.622 [info] Added views:workbench.explorer.emptyView in workbench.view.explorer
2023-10-07 23:41:44.130 [info] Added views:workbench.debug.variablesView,workbench.debug.watchExpressionsView,workbench.debug.callStackView,workbench.debug.breakPointsView in workbench.view.debug
2023-10-07 23:41:44.336 [info] Added views:workbench.panel.repl.view in workbench.panel.repl
2023-10-07 23:41:44.339 [info] Removed views:workbench.debug.breakPointsView,workbench.debug.callStackView,workbench.debug.watchExpressionsView,workbench.debug.variablesView from workbench.view.debug
2023-10-07 23:41:44.340 [info] Added views:workbench.debug.welcome in workbench.view.debug
2023-10-07 23:41:44.380 [info] Added views:~remote.forwardedPorts in ~remote.forwardedPortsContainer
2023-10-07 23:41:54.160 [info] Added views:workbench.views.extensions.installed,workbench.views.extensions.popular,extensions.recommendedList in workbench.view.extensions
2023-10-07 23:41:54.162 [info] Removed views:workbench.views.extensions.popular from workbench.view.extensions
2023-10-07 23:41:54.617 [info] Added views:workbench.views.extensions.popular in workbench.view.extensions
2023-10-07 23:42:04.015 [info] Removed views:extensions.recommendedList,workbench.views.extensions.popular,workbench.views.extensions.installed from workbench.view.extensions
2023-10-07 23:42:04.037 [info] Added views:workbench.views.extensions.marketplace in workbench.view.extensions
2023-10-07 23:43:07.613 [info] Removed views:workbench.views.extensions.marketplace from workbench.view.extensions
2023-10-07 23:43:07.647 [info] Added views:workbench.views.extensions.installed,workbench.views.extensions.popular,extensions.recommendedList in workbench.view.extensions
2023-10-07 23:43:10.752 [info] Removed views:extensions.recommendedList,workbench.views.extensions.popular,workbench.views.extensions.installed from workbench.view.extensions
2023-10-07 23:43:10.773 [info] Added views:workbench.views.extensions.marketplace in workbench.view.extensions
